

致命错误:  Unhandled Access Violation Reading 0x0000 Exception at a16847fh

04/09/2019 at 11:18:15.618  图形: E:\liuhui work\liuhui work\成安规划图则0106.dwg
-------------


致命错误:  Unhandled Access Violation Reading 0x0000 Exception at 5c260d7h

04/09/2019 at 12:05:33.039  图形: Drawing1.dwg
-------------


致命错误:  Unhandled Access Violation Reading 0x0000 Exception at 5a46087h

04/09/2019 at 12:06:16.253  图形: Drawing1.dwg
-------------


致命错误:  Unhandled Access Violation Reading 0x0000 Exception at 99a36feh

04/09/2019 at 12:29:29.274  图形: Drawing1.dwg
-------------


致命错误:  Unhandled Access Violation Reading 0x0000 Exception at be77f9fh

04/09/2019 at 15:06:09.678  图形: E:\liuhui work\liuhui work\成安规划图则0106.dwg
-------------


致命错误:  Unhandled Access Violation Reading 0x0000 Exception at 6743700h

04/09/2019 at 16:38:38.292  图形: Drawing1.dwg
-------------


致命错误:  Unhandled Access Violation Reading 0x0000 Exception at a2d36f9h

04/10/2019 at 10:05:25.272  图形: Drawing1.dwg
-------------


致命错误:  Unhandled Access Violation Reading 0x0004 Exception at 10db64dh

04/11/2019 at 10:36:31.971  图形: E:\liuhui work\liuhui work\成安规划图则0106.dwg
-------------


致命错误:  Unhandled Access Violation Reading 0x0004 Exception at f6b469ch

04/11/2019 at 10:44:28.124  图形: E:\liuhui work\liuhui work\成安规划图则0106.dwg
-------------


致命错误:  Unhandled Access Violation Reading 0x0000 Exception at 14001c01h

04/11/2019 at 10:46:21.283  图形: Drawing1.dwg
-------------


致命错误:  Unhandled Access Violation Reading 0x0000 Exception at 11e31bfch

04/11/2019 at 10:56:51.225  图形: Drawing1.dwg
-------------


致命错误:  Unhandled Access Violation Reading 0x0000 Exception at 11a01bd1h

04/11/2019 at 11:02:57.377  图形: Drawing1.dwg
-------------


致命错误:  Unhandled Access Violation Reading 0x0000 Exception at 11a01bdbh

04/11/2019 at 11:05:04.543  图形: Drawing1.dwg
-------------


致命错误:  Unhandled Access Violation Reading 0x0004 Exception at fc9b194h

04/11/2019 at 11:15:00.220  图形: E:\liuhui work\liuhui work\成安规划图则0106.dwg
-------------


致命错误:  Unhandled Access Violation Reading 0x0004 Exception at fc844cdh

04/11/2019 at 11:15:53.578  图形: E:\liuhui work\liuhui work\成安规划图则0106.dwg
-------------


致命错误:  Unhandled Access Violation Reading 0x0000 Exception at 11b61c2ch

04/11/2019 at 11:22:03.896  图形: Drawing1.dwg
-------------


致命错误:  Unhandled Access Violation Reading 0x0000 Exception at 11b61bd4h

04/11/2019 at 11:22:38.220  图形: Drawing1.dwg
-------------


致命错误:  Unhandled Access Violation Reading 0x0000 Exception at 11c91bd1h

04/11/2019 at 11:23:11.144  图形: Drawing1.dwg
-------------


致命错误:  Unhandled Access Violation Reading 0x0004 Exception at f784487h

04/11/2019 at 11:28:57.597  图形: E:\liuhui work\liuhui work\成安规划图则0106.dwg
-------------


致命错误:  Unhandled Access Violation Reading 0x0000 Exception at 121a1bd4h

04/11/2019 at 11:50:27.798  图形: Drawing1.dwg
-------------


致命错误:  Unhandled Access Violation Reading 0x0000 Exception at f74e26eh

04/11/2019 at 15:15:23.716  图形: E:\liuhui work\liuhui work\成安规划图则0106.dwg
-------------


致命错误:  Unhandled Access Violation Reading 0x0000 Exception at 1653903ah

04/11/2019 at 15:28:56.042  图形: E:\liuhui work\liuhui work\成安规划图则0106.dwg
-------------


致命错误:  Unhandled Access Violation Reading 0x0000 Exception at 159f1c1ch

04/11/2019 at 15:46:24.145  图形: Drawing1.dwg
-------------


致命错误:  Unhandled Access Violation Reading 0x0000 Exception at 110a3bd1h

04/11/2019 at 16:04:58.333  图形: E:\liuhui work\liuhui work\成安规划图则0106.dwg
-------------


致命错误:  Unhandled Access Violation Reading 0x0000 Exception at 13a51c19h

04/11/2019 at 16:11:00.435  图形: Drawing1.dwg
-------------


致命错误:  Unhandled Access Violation Reading 0x0000 Exception at 1163916ah

04/11/2019 at 16:27:47.814  图形: E:\liuhui work\liuhui work\成安规划图则0106.dwg
-------------


致命错误:  Unhandled Access Violation Reading 0x0004 Exception at 1272761h

04/11/2019 at 18:01:42.032  图形: E:\liuhui work\liuhui work\成安规划图则0106.dwg
-------------


致命错误:  Unhandled Access Violation Reading 0x0004 Exception at 110a4a41h

04/11/2019 at 18:02:37.646  图形: E:\liuhui work\liuhui work\成安规划图则0106.dwg
-------------


致命错误:  Unhandled Access Violation Reading 0x0004 Exception at 1110983ah

04/11/2019 at 18:08:11.251  图形: E:\liuhui work\liuhui work\成安规划图则0106.dwg
-------------


致命错误:  Unhandled Access Violation Reading 0x0004 Exception at 110a4a68h

04/11/2019 at 18:09:08.312  图形: E:\liuhui work\liuhui work\成安规划图则0106.dwg
-------------


致命错误:  Unhandled Access Violation Reading 0x0004 Exception at 110a9829h

04/11/2019 at 18:11:17.328  图形: E:\liuhui work\liuhui work\成安规划图则0106.dwg
-------------


致命错误:  Unhandled Access Violation Reading 0x0004 Exception at 110a980eh

04/11/2019 at 18:14:45.480  图形: E:\liuhui work\liuhui work\成安规划图则0106.dwg
-------------


致命错误:  Unhandled Access Violation Reading 0x32ac32ba Exception at 6209c800h

04/12/2019 at 09:28:02.295  图形: E:\liuhui work\liuhui work\成安规划图则0106.dwg
-------------


致命错误:  Unhandled Access Violation Reading 0x0000 Exception at 74a56d4h

04/12/2019 at 10:55:13.482  图形: E:\liuhui work\liuhui work\成安规划图则0106.dwg
-------------


致命错误:  Unhandled Access Violation Reading 0x0000 Exception at bd856e9h

04/15/2019 at 09:48:41.082  图形: E:\liuhui work\liuhui work\成安规划图则0106.dwg
-------------


致命错误:  Unhandled Access Violation Reading 0x0000 Exception at a68cda0h

04/15/2019 at 10:01:24.108  图形: E:\liuhui work\liuhui work\成安规划图则0106.dwg
-------------


致命错误:  Unhandled Access Violation Reading 0x0004 Exception at dc0ea71h

04/15/2019 at 10:44:45.402  图形: E:\liuhui work\liuhui work\成安规划图则0106.dwg
-------------


致命错误:  Unhandled Access Violation Reading 0x0000 Exception at be1d030h

04/15/2019 at 11:02:07.831  图形: E:\liuhui work\liuhui work\成安规划图则0106.dwg
-------------


致命错误:  Unhandled Access Violation Reading 0x0000 Exception at bd156e9h

04/15/2019 at 11:02:59.839  图形: E:\liuhui work\liuhui work\成安规划图则0106.dwg
-------------


致命错误:  Unhandled Access Violation Reading 0x0000 Exception at 6bf3791h

04/15/2019 at 11:21:40.511  图形: Drawing1.dwg
-------------


致命错误:  Unhandled Access Violation Reading 0x0000 Exception at bbfb0d0h

04/15/2019 at 11:23:54.176  图形: E:\liuhui work\liuhui work\成安规划图则0106.dwg
-------------


致命错误:  Unhandled Access Violation Reading 0x0000 Exception at 77f377ch

04/15/2019 at 12:21:32.076  图形: Drawing1.dwg
-------------


致命错误:  Unhandled Access Violation Reading 0x89014f89 Exception at 6209c87dh

04/15/2019 at 14:31:08.870  图形: E:\liuhui work\liuhui work\成安规划图则0106.dwg
-------------


致命错误:  Unhandled Access Violation Reading 0x0000 Exception at 762aed9h

04/15/2019 at 14:51:19.978  图形: E:\liuhui work\liuhui work\成安规划图则0106.dwg
-------------


致命错误:  Unhandled Access Violation Reading 0x0000 Exception at 77fcff1h

04/15/2019 at 14:59:28.659  图形: E:\liuhui work\liuhui work\成安规划图则0106.dwg
-------------


致命错误:  Unhandled Access Violation Reading 0x0000 Exception at 761aff4h

04/15/2019 at 15:02:45.642  图形: E:\liuhui work\liuhui work\成安规划图则0106.dwg
-------------


致命错误:  Unhandled Access Violation Reading 0x0000 Exception at 77fd8ech

04/15/2019 at 15:27:34.574  图形: E:\liuhui work\liuhui work\成安规划图则0106.dwg
-------------


致命错误:  Unhandled Access Violation Reading 0x0000 Exception at 6b3d114h

04/15/2019 at 15:31:14.348  图形: E:\liuhui work\liuhui work\成安规划图则0106.dwg
-------------


致命错误:  Unhandled Access Violation Reading 0x0000 Exception at b18b28ch

04/15/2019 at 16:09:20.598  图形: E:\liuhui work\liuhui work\成安规划图则0106.dwg
-------------


致命错误:  Unhandled Access Violation Reading 0x0000 Exception at e70b9e6h

04/16/2019 at 19:43:52.536  图形: E:\liuhui work\liuhui work\成安规划图则0106.dwg
-------------


致命错误:  Unhandled Access Violation Reading 0x0000 Exception at b2bae73h

04/17/2019 at 10:53:56.912  图形: E:\liuhui work\liuhui work\成安规划图则0106.dwg
-------------


致命错误:  Unhandled Access Violation Reading 0x0000 Exception at d06ae73h

04/17/2019 at 11:00:16.147  图形: E:\liuhui work\liuhui work\成安规划图则0106.dwg
-------------


致命错误:  Unhandled Access Violation Reading 0x0000 Exception at b38ae73h

04/17/2019 at 11:45:09.788  图形: E:\liuhui work\liuhui work\成安规划图则0106.dwg
-------------


致命错误:  Unhandled Access Violation Reading 0x0000 Exception at b37ae73h

04/17/2019 at 11:47:51.548  图形: E:\liuhui work\liuhui work\成安规划图则0106.dwg
-------------


致命错误:  Unhandled Access Violation Reading 0x0000 Exception at b4eb08bh

04/17/2019 at 11:51:07.522  图形: E:\liuhui work\liuhui work\成安规划图则0106.dwg
-------------


致命错误:  Unhandled Access Violation Reading 0x0000 Exception at 57056feh

04/17/2019 at 11:51:57.565  图形: E:\liuhui work\liuhui work\成安规划图则0106.dwg
-------------


致命错误:  Unhandled Access Violation Reading 0x0000 Exception at b27ae73h

04/17/2019 at 12:19:36.582  图形: E:\liuhui work\liuhui work\成安规划图则0106.dwg
-------------


致命错误:  Unhandled Access Violation Reading 0x0000 Exception at 3c10395h

04/19/2019 at 16:47:21.237  图形: E:\liuhui work\liuhui work\成安规划图则0106.dwg
-------------


致命错误:  Unhandled Access Violation Reading 0x0000 Exception at 77f56d5h

04/22/2019 at 11:09:38.113  图形: E:\liuhui work\liuhui work\成安规划图则0106.dwg
-------------


致命错误:  Unhandled Access Violation Reading 0x0000 Exception at aec7ecah

04/22/2019 at 11:12:31.671  图形: E:\liuhui work\liuhui work\成安规划图则0106.dwg
-------------


致命错误:  Unhandled Access Violation Reading 0x0000 Exception at 77f3775h

04/22/2019 at 11:13:07.203  图形: Drawing1.dwg
-------------


致命错误:  Unhandled Access Violation Reading 0x0000 Exception at 3aa039dh

04/22/2019 at 17:21:34.617  图形: E:\liuhui work\liuhui work\成安规划图则0106.dwg
-------------


致命错误:  Unhandled Access Violation Reading 0x0000 Exception at b318d85h

04/24/2019 at 17:45:24.510  图形: E:\liuhui work\liuhui work\成安规划图则0106.dwg
-------------


致命错误:  Unhandled e0434f4dh Exception at 74b618a2h

04/29/2019 at 17:58:05.745  图形: E:\liuhui work\liuhui work\成安规划图则0106.dwg
-------------


致命错误:  Unhandled Access Violation Reading 0x0000 Exception at 3fb033ah

05/14/2019 at 09:43:44.056  图形: E:\liuhui work\liuhui work\成安规划图则0106.dwg
-------------


致命错误:  Unhandled Access Violation Reading 0x0000 Exception at 6bc8802h

05/14/2019 at 09:49:55.490  图形: E:\liuhui work\liuhui work\成安规划图则0106.dwg
-------------


致命错误:  Unhandled Access Violation Reading 0x0000 Exception at 7685799h

05/14/2019 at 10:04:04.272  图形: E:\liuhui work\liuhui work\成安规划图则0106.dwg
-------------


致命错误:  Unhandled Access Violation Reading 0x0000 Exception at 4f54aeah

05/14/2019 at 17:09:13.186  图形: E:\liuhui work\liuhui work\成安县中心城区控制性详细规划（2016-2030）\城区现状图.dwg
-------------


致命错误:  Unhandled Access Violation Reading 0x0000 Exception at 768378ah

05/14/2019 at 17:12:36.940  图形: Drawing1.dwg
-------------


致命错误:  Unhandled Access Violation Reading 0x0000 Exception at 6cf4b32h

05/16/2019 at 14:29:01.039  图形: E:\liuhui work\liuhui work\成安县中心城区控制性详细规划（2016-2030）\城区现状图.dwg
-------------
